Arguments: 
  /usr/local/bin/node /usr/local/bin/yarn add express

PATH: 
  /opt/homebrew/bin/mongo:/Users/oluwaseunus/.yarn/bin:/Users/oluwaseunus/.amplify/bin:/Library/Frameworks/Python.framework/Versions/3.9/bin:/opt/homebrew/bin:/opt/homebrew/sbin:/usr/local/bin:/usr/bin:/bin:/usr/sbin:/sbin:/usr/local/go/bin:/Applications/Little Snitch.app/Contents/Components:/Library/Apple/usr/bin:/opt/homebrew/bin/mongo:/Users/oluwaseunus/.yarn/bin:/Users/oluwaseunus/.amplify/bin:/Library/Frameworks/Python.framework/Versions/3.9/bin:/opt/homebrew/bin:/opt/homebrew/sbin:/usr/local/mysql/bin:/usr/local/mysql/bin

Yarn version: 
  1.22.10

Node version: 
  15.12.0

Platform: 
  darwin x64

Trace: 
  Error: getaddrinfo ENOTFOUND registry.yarnpkg.com
      at GetAddrInfoReqWrap.onlookup [as oncomplete] (node:dns:69:26)

npm manifest: 
  {
    "name": "socket",
    "version": "1.0.0",
    "main": "index.js",
    "license": "MIT"
  }

yarn manifest: 
  No manifest

Lockfile: 
  No lockfile
